# JRE version: Java(TM) SE Runtime Environment (8.0_65-b17) (build 1.8.0_65-b17)
# Java VM: Java HotSpot(TM) 64-Bit Server VM (25.65-b01 mixed mode windows-amd64 compressed oops)
Heap:
 PSYoungGen      total 260096K, used 42444K [0x0000000780900000, 0x0000000795300000, 0x00000007c0000000)
  eden space 242176K, 10% used [0x0000000780900000,0x00000007820f8358,0x000000078f580000)
  from space 17920K, 99% used [0x000000078f580000,0x00000007906faf90,0x0000000790700000)
  to   space 21504K, 0% used [0x0000000793e00000,0x0000000793e00000,0x0000000795300000)
 ParOldGen       total 125440K, used 27768K [0x0000000701a00000, 0x0000000709480000, 0x0000000780900000)
  object space 125440K, 22% used [0x0000000701a00000,0x000000070351e008,0x0000000709480000)
 Metaspace       used 52923K, capacity 53458K, committed 53808K, reserved 1095680K
  class space    used 6704K, capacity 6840K, committed 6960K, reserved 1048576K
GC Heap History (10 events):
Event: 5.152 GC heap before
{Heap before GC invocations=7 (full 1):
 PSYoungGen      total 106496K, used 105038K [0x0000000780900000, 0x000000078b680000, 0x00000007c0000000)
  eden space 98304K, 99% used [0x0000000780900000,0x00000007868fea08,0x0000000786900000)
  from space 8192K, 82% used [0x0000000786900000,0x0000000786f94f10,0x0000000787100000)
  to   space 9728K, 0% used [0x000000078ad00000,0x000000078ad00000,0x000000078b680000)
 ParOldGen       total 74240K, used 7453K [0x0000000701a00000, 0x0000000706280000, 0x0000000780900000)
  object space 74240K, 10% used [0x0000000701a00000,0x00000007021477f0,0x0000000706280000)
 Metaspace       used 29703K, capacity 30036K, committed 30256K, reserved 1075200K
  class space    used 3662K, capacity 3773K, committed 3888K, reserved 1048576K
Event: 5.174 GC heap after
Heap after GC invocations=7 (full 1):
 PSYoungGen      total 165376K, used 9704K [0x0000000780900000, 0x000000078ba00000, 0x00000007c0000000)
  eden space 155648K, 0% used [0x0000000780900000,0x0000000780900000,0x000000078a100000)
  from space 9728K, 99% used [0x000000078ad00000,0x000000078b67a1f8,0x000000078b680000)
  to   space 12288K, 0% used [0x000000078a100000,0x000000078a100000,0x000000078ad00000)
 ParOldGen       total 74240K, used 10492K [0x0000000701a00000, 0x0000000706280000, 0x0000000780900000)
  object space 74240K, 14% used [0x0000000701a00000,0x000000070243f138,0x0000000706280000)
 Metaspace       used 29703K, capacity 30036K, committed 30256K, reserved 1075200K
  class space    used 3662K, capacity 3773K, committed 3888K, reserved 1048576K
}
Event: 6.522 GC heap before
{Heap before GC invocations=8 (full 1):
 PSYoungGen      total 165376K, used 125574K [0x0000000780900000, 0x000000078ba00000, 0x00000007c0000000)
  eden space 155648K, 74% used [0x0000000780900000,0x0000000787a277f8,0x000000078a100000)
  from space 9728K, 99% used [0x000000078ad00000,0x000000078b67a1f8,0x000000078b680000)
  to   space 12288K, 0% used [0x000000078a100000,0x000000078a100000,0x000000078ad00000)
 ParOldGen       total 74240K, used 10492K [0x0000000701a00000, 0x0000000706280000, 0x0000000780900000)
  object space 74240K, 14% used [0x0000000701a00000,0x000000070243f138,0x0000000706280000)
 Metaspace       used 34940K, capacity 35236K, committed 35496K, reserved 1081344K
  class space    used 4286K, capacity 4389K, committed 4400K, reserved 1048576K
Event: 6.557 GC heap after
Heap after GC invocations=8 (full 1):
 PSYoungGen      total 167936K, used 12275K [0x0000000780900000, 0x0000000791a00000, 0x00000007c0000000)
  eden space 155648K, 0% used [0x0000000780900000,0x0000000780900000,0x000000078a100000)
  from space 12288K, 99% used [0x000000078a100000,0x000000078acfcc78,0x000000078ad00000)
  to   space 16384K, 0% used [0x0000000790a00000,0x0000000790a00000,0x0000000791a00000)
 ParOldGen       total 74240K, used 15276K [0x0000000701a00000, 0x0000000706280000, 0x0000000780900000)
  object space 74240K, 20% used [0x0000000701a00000,0x00000007028eb098,0x0000000706280000)
 Metaspace       used 34940K, capacity 35236K, committed 35496K, reserved 1081344K
  class space    used 4286K, capacity 4389K, committed 4400K, reserved 1048576K
}
Event: 6.557 GC heap before
{Heap before GC invocations=9 (full 2):
 PSYoungGen      total 167936K, used 12275K [0x0000000780900000, 0x0000000791a00000, 0x00000007c0000000)
  eden space 155648K, 0% used [0x0000000780900000,0x0000000780900000,0x000000078a100000)
  from space 12288K, 99% used [0x000000078a100000,0x000000078acfcc78,0x000000078ad00000)
  to   space 16384K, 0% used [0x0000000790a00000,0x0000000790a00000,0x0000000791a00000)
 ParOldGen       total 74240K, used 15276K [0x0000000701a00000, 0x0000000706280000, 0x0000000780900000)
  object space 74240K, 20% used [0x0000000701a00000,0x00000007028eb098,0x0000000706280000)
 Metaspace       used 34940K, capacity 35236K, committed 35496K, reserved 1081344K
  class space    used 4286K, capacity 4389K, committed 4400K, reserved 1048576K
Event: 6.658 GC heap after
Heap after GC invocations=9 (full 2):
 PSYoungGen      total 167936K, used 0K [0x0000000780900000, 0x0000000791a00000, 0x00000007c0000000)
  eden space 155648K, 0% used [0x0000000780900000,0x0000000780900000,0x000000078a100000)
  from space 12288K, 0% used [0x000000078a100000,0x000000078a100000,0x000000078ad00000)
  to   space 16384K, 0% used [0x0000000790a00000,0x0000000790a00000,0x0000000791a00000)
 ParOldGen       total 125440K, used 23700K [0x0000000701a00000, 0x0000000709480000, 0x0000000780900000)
  object space 125440K, 18% used [0x0000000701a00000,0x0000000703125258,0x0000000709480000)
 Metaspace       used 34940K, capacity 35236K, committed 35496K, reserved 1081344K
  class space    used 4286K, capacity 4389K, committed 4400K, reserved 1048576K
}
Event: 10.318 GC heap before
{Heap before GC invocations=10 (full 2):
 PSYoungGen      total 167936K, used 155648K [0x0000000780900000, 0x0000000791a00000, 0x00000007c0000000)
  eden space 155648K, 100% used [0x0000000780900000,0x000000078a100000,0x000000078a100000)
  from space 12288K, 0% used [0x000000078a100000,0x000000078a100000,0x000000078ad00000)
  to   space 16384K, 0% used [0x0000000790a00000,0x0000000790a00000,0x0000000791a00000)
 ParOldGen       total 125440K, used 23700K [0x0000000701a00000, 0x0000000709480000, 0x0000000780900000)
  object space 125440K, 18% used [0x0000000701a00000,0x0000000703125258,0x0000000709480000)
 Metaspace       used 45349K, capacity 45682K, committed 46128K, reserved 1089536K
  class space    used 5781K, capacity 5874K, committed 5936K, reserved 1048576K
Event: 10.339 GC heap after
Heap after GC invocations=10 (full 2):
 PSYoungGen      total 244736K, used 14836K [0x0000000780900000, 0x0000000791880000, 0x00000007c0000000)
  eden space 229888K, 0% used [0x0000000780900000,0x0000000780900000,0x000000078e980000)
  from space 14848K, 99% used [0x0000000790a00000,0x000000079187d148,0x0000000791880000)
  to   space 17920K, 0% used [0x000000078f580000,0x000000078f580000,0x0000000790700000)
 ParOldGen       total 125440K, used 23708K [0x0000000701a00000, 0x0000000709480000, 0x0000000780900000)
  object space 125440K, 18% used [0x0000000701a00000,0x0000000703127258,0x0000000709480000)
 Metaspace       used 45349K, capacity 45682K, committed 46128K, reserved 1089536K
  class space    used 5781K, capacity 5874K, committed 5936K, reserved 1048576K
}
Event: 12.844 GC heap before
{Heap before GC invocations=11 (full 2):
 PSYoungGen      total 244736K, used 244724K [0x0000000780900000, 0x0000000791880000, 0x00000007c0000000)
  eden space 229888K, 100% used [0x0000000780900000,0x000000078e980000,0x000000078e980000)
  from space 14848K, 99% used [0x0000000790a00000,0x000000079187d148,0x0000000791880000)
  to   space 17920K, 0% used [0x000000078f580000,0x000000078f580000,0x0000000790700000)
 ParOldGen       total 125440K, used 23708K [0x0000000701a00000, 0x0000000709480000, 0x0000000780900000)
  object space 125440K, 18% used [0x0000000701a00000,0x0000000703127258,0x0000000709480000)
 Metaspace       used 52309K, capacity 52878K, committed 53168K, reserved 1095680K
  class space    used 6625K, capacity 6774K, committed 6832K, reserved 1048576K
Event: 12.892 GC heap after
Heap after GC invocations=11 (full 2):
 PSYoungGen      total 260096K, used 17899K [0x0000000780900000, 0x0000000795300000, 0x00000007c0000000)
  eden space 242176K, 0% used [0x0000000780900000,0x0000000780900000,0x000000078f580000)
  from space 17920K, 99% used [0x000000078f580000,0x00000007906faf90,0x0000000790700000)
  to   space 21504K, 0% used [0x0000000793e00000,0x0000000793e00000,0x0000000795300000)
 ParOldGen       total 125440K, used 27768K [0x0000000701a00000, 0x0000000709480000, 0x0000000780900000)
  object space 125440K, 22% used [0x0000000701a00000,0x000000070351e008,0x0000000709480000)
 Metaspace       used 52309K, capacity 52878K, committed 53168K, reserved 1095680K
  class space    used 6625K, capacity 6774K, committed 6832K, reserved 1048576K
}

