# JRE version: Java(TM) SE Runtime Environment (8.0_65-b17) (build 1.8.0_65-b17)
# Java VM: Java HotSpot(TM) 64-Bit Server VM (25.65-b01 mixed mode windows-amd64 compressed oops)
Heap:
 PSYoungGen      total 165888K, used 114565K [0x0000000780900000, 0x000000078b980000, 0x00000007c0000000)
  eden space 156160K, 67% used [0x0000000780900000,0x0000000786f63438,0x000000078a180000)
  from space 9728K, 99% used [0x000000078ad80000,0x000000078b6fe070,0x000000078b700000)
  to   space 12288K, 0% used [0x000000078a180000,0x000000078a180000,0x000000078ad80000)
 ParOldGen       total 74240K, used 9887K [0x0000000701a00000, 0x0000000706280000, 0x0000000780900000)
  object space 74240K, 13% used [0x0000000701a00000,0x00000007023a7c88,0x0000000706280000)
 Metaspace       used 33973K, capacity 34321K, committed 34480K, reserved 1079296K
  class space    used 4141K, capacity 4260K, committed 4272K, reserved 1048576K
GC Heap History (10 events):
Event: 2.883 GC heap before
{Heap before GC invocations=3 (full 0):
 PSYoungGen      total 57344K, used 57338K [0x0000000780900000, 0x0000000787900000, 0x00000007c0000000)
  eden space 49152K, 100% used [0x0000000780900000,0x0000000783900000,0x0000000783900000)
  from space 8192K, 99% used [0x0000000784100000,0x00000007848fe8f8,0x0000000784900000)
  to   space 8192K, 0% used [0x0000000783900000,0x0000000783900000,0x0000000784100000)
 ParOldGen       total 131072K, used 314K [0x0000000701a00000, 0x0000000709a00000, 0x0000000780900000)
  object space 131072K, 0% used [0x0000000701a00000,0x0000000701a4eac8,0x0000000709a00000)
 Metaspace       used 20719K, capacity 20922K, committed 20992K, reserved 1067008K
  class space    used 2473K, capacity 2560K, committed 2560K, reserved 1048576K
Event: 2.903 GC heap after
Heap after GC invocations=3 (full 0):
 PSYoungGen      total 57344K, used 8174K [0x0000000780900000, 0x0000000787900000, 0x00000007c0000000)
  eden space 49152K, 0% used [0x0000000780900000,0x0000000780900000,0x0000000783900000)
  from space 8192K, 99% used [0x0000000783900000,0x00000007840fbb00,0x0000000784100000)
  to   space 8192K, 0% used [0x0000000787100000,0x0000000787100000,0x0000000787900000)
 ParOldGen       total 131072K, used 869K [0x0000000701a00000, 0x0000000709a00000, 0x0000000780900000)
  object space 131072K, 0% used [0x0000000701a00000,0x0000000701ad96e8,0x0000000709a00000)
 Metaspace       used 20719K, capacity 20922K, committed 20992K, reserved 1067008K
  class space    used 2473K, capacity 2560K, committed 2560K, reserved 1048576K
}
Event: 3.070 GC heap before
{Heap before GC invocations=4 (full 0):
 PSYoungGen      total 57344K, used 20443K [0x0000000780900000, 0x0000000787900000, 0x00000007c0000000)
  eden space 49152K, 24% used [0x0000000780900000,0x00000007814fb150,0x0000000783900000)
  from space 8192K, 99% used [0x0000000783900000,0x00000007840fbb00,0x0000000784100000)
  to   space 8192K, 0% used [0x0000000787100000,0x0000000787100000,0x0000000787900000)
 ParOldGen       total 131072K, used 869K [0x0000000701a00000, 0x0000000709a00000, 0x0000000780900000)
  object space 131072K, 0% used [0x0000000701a00000,0x0000000701ad96e8,0x0000000709a00000)
 Metaspace       used 21031K, capacity 21227K, committed 21296K, reserved 1069056K
  class space    used 2509K, capacity 2595K, committed 2608K, reserved 1048576K
Event: 3.091 GC heap after
Heap after GC invocations=4 (full 0):
 PSYoungGen      total 106496K, used 7187K [0x0000000780900000, 0x0000000787900000, 0x00000007c0000000)
  eden space 98304K, 0% used [0x0000000780900000,0x0000000780900000,0x0000000786900000)
  from space 8192K, 87% used [0x0000000787100000,0x0000000787804cd0,0x0000000787900000)
  to   space 8192K, 0% used [0x0000000786900000,0x0000000786900000,0x0000000787100000)
 ParOldGen       total 131072K, used 941K [0x0000000701a00000, 0x0000000709a00000, 0x0000000780900000)
  object space 131072K, 0% used [0x0000000701a00000,0x0000000701aeb6f8,0x0000000709a00000)
 Metaspace       used 21031K, capacity 21227K, committed 21296K, reserved 1069056K
  class space    used 2509K, capacity 2595K, committed 2608K, reserved 1048576K
}
Event: 3.091 GC heap before
{Heap before GC invocations=5 (full 1):
 PSYoungGen      total 106496K, used 7187K [0x0000000780900000, 0x0000000787900000, 0x00000007c0000000)
  eden space 98304K, 0% used [0x0000000780900000,0x0000000780900000,0x0000000786900000)
  from space 8192K, 87% used [0x0000000787100000,0x0000000787804cd0,0x0000000787900000)
  to   space 8192K, 0% used [0x0000000786900000,0x0000000786900000,0x0000000787100000)
 ParOldGen       total 131072K, used 941K [0x0000000701a00000, 0x0000000709a00000, 0x0000000780900000)
  object space 131072K, 0% used [0x0000000701a00000,0x0000000701aeb6f8,0x0000000709a00000)
 Metaspace       used 21031K, capacity 21227K, committed 21296K, reserved 1069056K
  class space    used 2509K, capacity 2595K, committed 2608K, reserved 1048576K
Event: 3.151 GC heap after
Heap after GC invocations=5 (full 1):
 PSYoungGen      total 106496K, used 0K [0x0000000780900000, 0x0000000787900000, 0x00000007c0000000)
  eden space 98304K, 0% used [0x0000000780900000,0x0000000780900000,0x0000000786900000)
  from space 8192K, 0% used [0x0000000787100000,0x0000000787100000,0x0000000787900000)
  to   space 8192K, 0% used [0x0000000786900000,0x0000000786900000,0x0000000787100000)
 ParOldGen       total 74240K, used 7164K [0x0000000701a00000, 0x0000000706280000, 0x0000000780900000)
  object space 74240K, 9% used [0x0000000701a00000,0x00000007020ff0c8,0x0000000706280000)
 Metaspace       used 21031K, capacity 21227K, committed 21296K, reserved 1069056K
  class space    used 2509K, capacity 2595K, committed 2608K, reserved 1048576K
}
Event: 4.311 GC heap before
{Heap before GC invocations=6 (full 1):
 PSYoungGen      total 106496K, used 98304K [0x0000000780900000, 0x0000000787900000, 0x00000007c0000000)
  eden space 98304K, 100% used [0x0000000780900000,0x0000000786900000,0x0000000786900000)
  from space 8192K, 0% used [0x0000000787100000,0x0000000787100000,0x0000000787900000)
  to   space 8192K, 0% used [0x0000000786900000,0x0000000786900000,0x0000000787100000)
 ParOldGen       total 74240K, used 7164K [0x0000000701a00000, 0x0000000706280000, 0x0000000780900000)
  object space 74240K, 9% used [0x0000000701a00000,0x00000007020ff0c8,0x0000000706280000)
 Metaspace       used 24770K, capacity 25031K, committed 25392K, reserved 1071104K
  class space    used 3023K, capacity 3085K, committed 3120K, reserved 1048576K
Event: 4.324 GC heap after
Heap after GC invocations=6 (full 1):
 PSYoungGen      total 106496K, used 6774K [0x0000000780900000, 0x000000078b700000, 0x00000007c0000000)
  eden space 98304K, 0% used [0x0000000780900000,0x0000000780900000,0x0000000786900000)
  from space 8192K, 82% used [0x0000000786900000,0x0000000786f9db30,0x0000000787100000)
  to   space 9728K, 0% used [0x000000078ad80000,0x000000078ad80000,0x000000078b700000)
 ParOldGen       total 74240K, used 7172K [0x0000000701a00000, 0x0000000706280000, 0x0000000780900000)
  object space 74240K, 9% used [0x0000000701a00000,0x00000007021010c8,0x0000000706280000)
 Metaspace       used 24770K, capacity 25031K, committed 25392K, reserved 1071104K
  class space    used 3023K, capacity 3085K, committed 3120K, reserved 1048576K
}
Event: 5.277 GC heap before
{Heap before GC invocations=7 (full 1):
 PSYoungGen      total 106496K, used 105078K [0x0000000780900000, 0x000000078b700000, 0x00000007c0000000)
  eden space 98304K, 100% used [0x0000000780900000,0x0000000786900000,0x0000000786900000)
  from space 8192K, 82% used [0x0000000786900000,0x0000000786f9db30,0x0000000787100000)
  to   space 9728K, 0% used [0x000000078ad80000,0x000000078ad80000,0x000000078b700000)
 ParOldGen       total 74240K, used 7172K [0x0000000701a00000, 0x0000000706280000, 0x0000000780900000)
  object space 74240K, 9% used [0x0000000701a00000,0x00000007021010c8,0x0000000706280000)
 Metaspace       used 29603K, capacity 29921K, committed 30128K, reserved 1075200K
  class space    used 3652K, capacity 3740K, committed 3760K, reserved 1048576K
Event: 5.293 GC heap after
Heap after GC invocations=7 (full 1):
 PSYoungGen      total 165888K, used 9720K [0x0000000780900000, 0x000000078b980000, 0x00000007c0000000)
  eden space 156160K, 0% used [0x0000000780900000,0x0000000780900000,0x000000078a180000)
  from space 9728K, 99% used [0x000000078ad80000,0x000000078b6fe070,0x000000078b700000)
  to   space 12288K, 0% used [0x000000078a180000,0x000000078a180000,0x000000078ad80000)
 ParOldGen       total 74240K, used 9887K [0x0000000701a00000, 0x0000000706280000, 0x0000000780900000)
  object space 74240K, 13% used [0x0000000701a00000,0x00000007023a7c88,0x0000000706280000)
 Metaspace       used 29603K, capacity 29921K, committed 30128K, reserved 1075200K
  class space    used 3652K, capacity 3740K, committed 3760K, reserved 1048576K
}

