# JRE version: Java(TM) SE Runtime Environment (8.0_65-b17) (build 1.8.0_65-b17)
# Java VM: Java HotSpot(TM) 64-Bit Server VM (25.65-b01 mixed mode windows-amd64 compressed oops)
Heap:
 PSYoungGen      total 246784K, used 245583K [0x0000000780900000, 0x0000000791100000, 0x00000007c0000000)
  eden space 232448K, 99% used [0x0000000780900000,0x000000078eb47480,0x000000078ec00000)
  from space 14336K, 96% used [0x0000000790300000,0x000000079108cab8,0x0000000791100000)
  to   space 17408K, 0% used [0x000000078ef00000,0x000000078ef00000,0x0000000790000000)
 ParOldGen       total 123904K, used 23418K [0x0000000701a00000, 0x0000000709300000, 0x0000000780900000)
  object space 123904K, 18% used [0x0000000701a00000,0x00000007030de908,0x0000000709300000)
 Metaspace       used 52581K, capacity 53128K, committed 53680K, reserved 1095680K
  class space    used 6683K, capacity 6803K, committed 6832K, reserved 1048576K
GC Heap History (10 events):
Event: 4.191 GC heap before
{Heap before GC invocations=6 (full 1):
 PSYoungGen      total 106496K, used 98304K [0x0000000780900000, 0x0000000787900000, 0x00000007c0000000)
  eden space 98304K, 100% used [0x0000000780900000,0x0000000786900000,0x0000000786900000)
  from space 8192K, 0% used [0x0000000787100000,0x0000000787100000,0x0000000787900000)
  to   space 8192K, 0% used [0x0000000786900000,0x0000000786900000,0x0000000787100000)
 ParOldGen       total 73728K, used 7116K [0x0000000701a00000, 0x0000000706200000, 0x0000000780900000)
  object space 73728K, 9% used [0x0000000701a00000,0x00000007020f3350,0x0000000706200000)
 Metaspace       used 24675K, capacity 24968K, committed 25136K, reserved 1071104K
  class space    used 3009K, capacity 3085K, committed 3120K, reserved 1048576K
Event: 4.203 GC heap after
Heap after GC invocations=6 (full 1):
 PSYoungGen      total 106496K, used 6653K [0x0000000780900000, 0x000000078b680000, 0x00000007c0000000)
  eden space 98304K, 0% used [0x0000000780900000,0x0000000780900000,0x0000000786900000)
  from space 8192K, 81% used [0x0000000786900000,0x0000000786f7f768,0x0000000787100000)
  to   space 9728K, 0% used [0x000000078ad00000,0x000000078ad00000,0x000000078b680000)
 ParOldGen       total 73728K, used 7124K [0x0000000701a00000, 0x0000000706200000, 0x0000000780900000)
  object space 73728K, 9% used [0x0000000701a00000,0x00000007020f5350,0x0000000706200000)
 Metaspace       used 24675K, capacity 24968K, committed 25136K, reserved 1071104K
  class space    used 3009K, capacity 3085K, committed 3120K, reserved 1048576K
}
Event: 5.393 GC heap before
{Heap before GC invocations=7 (full 1):
 PSYoungGen      total 106496K, used 104915K [0x0000000780900000, 0x000000078b680000, 0x00000007c0000000)
  eden space 98304K, 99% used [0x0000000780900000,0x00000007868f5598,0x0000000786900000)
  from space 8192K, 81% used [0x0000000786900000,0x0000000786f7f768,0x0000000787100000)
  to   space 9728K, 0% used [0x000000078ad00000,0x000000078ad00000,0x000000078b680000)
 ParOldGen       total 73728K, used 7124K [0x0000000701a00000, 0x0000000706200000, 0x0000000780900000)
  object space 73728K, 9% used [0x0000000701a00000,0x00000007020f5350,0x0000000706200000)
 Metaspace       used 29678K, capacity 30024K, committed 30256K, reserved 1075200K
  class space    used 3664K, capacity 3773K, committed 3888K, reserved 1048576K
Event: 5.414 GC heap after
Heap after GC invocations=7 (full 1):
 PSYoungGen      total 164352K, used 9697K [0x0000000780900000, 0x000000078b800000, 0x00000007c0000000)
  eden space 154624K, 0% used [0x0000000780900000,0x0000000780900000,0x000000078a000000)
  from space 9728K, 99% used [0x000000078ad00000,0x000000078b6785c8,0x000000078b680000)
  to   space 12288K, 0% used [0x000000078a000000,0x000000078a000000,0x000000078ac00000)
 ParOldGen       total 73728K, used 10198K [0x0000000701a00000, 0x0000000706200000, 0x0000000780900000)
  object space 73728K, 13% used [0x0000000701a00000,0x00000007023f5a70,0x0000000706200000)
 Metaspace       used 29678K, capacity 30024K, committed 30256K, reserved 1075200K
  class space    used 3664K, capacity 3773K, committed 3888K, reserved 1048576K
}
Event: 6.739 GC heap before
{Heap before GC invocations=8 (full 1):
 PSYoungGen      total 164352K, used 128651K [0x0000000780900000, 0x000000078b800000, 0x00000007c0000000)
  eden space 154624K, 76% used [0x0000000780900000,0x0000000787d2a7b8,0x000000078a000000)
  from space 9728K, 99% used [0x000000078ad00000,0x000000078b6785c8,0x000000078b680000)
  to   space 12288K, 0% used [0x000000078a000000,0x000000078a000000,0x000000078ac00000)
 ParOldGen       total 73728K, used 10198K [0x0000000701a00000, 0x0000000706200000, 0x0000000780900000)
  object space 73728K, 13% used [0x0000000701a00000,0x00000007023f5a70,0x0000000706200000)
 Metaspace       used 34893K, capacity 35224K, committed 35496K, reserved 1081344K
  class space    used 4282K, capacity 4389K, committed 4400K, reserved 1048576K
Event: 6.766 GC heap after
Heap after GC invocations=8 (full 1):
 PSYoungGen      total 166912K, used 12257K [0x0000000780900000, 0x0000000791300000, 0x00000007c0000000)
  eden space 154624K, 0% used [0x0000000780900000,0x0000000780900000,0x000000078a000000)
  from space 12288K, 99% used [0x000000078a000000,0x000000078abf86b8,0x000000078ac00000)
  to   space 16384K, 0% used [0x0000000790300000,0x0000000790300000,0x0000000791300000)
 ParOldGen       total 73728K, used 15118K [0x0000000701a00000, 0x0000000706200000, 0x0000000780900000)
  object space 73728K, 20% used [0x0000000701a00000,0x00000007028c3960,0x0000000706200000)
 Metaspace       used 34893K, capacity 35224K, committed 35496K, reserved 1081344K
  class space    used 4282K, capacity 4389K, committed 4400K, reserved 1048576K
}
Event: 6.766 GC heap before
{Heap before GC invocations=9 (full 2):
 PSYoungGen      total 166912K, used 12257K [0x0000000780900000, 0x0000000791300000, 0x00000007c0000000)
  eden space 154624K, 0% used [0x0000000780900000,0x0000000780900000,0x000000078a000000)
  from space 12288K, 99% used [0x000000078a000000,0x000000078abf86b8,0x000000078ac00000)
  to   space 16384K, 0% used [0x0000000790300000,0x0000000790300000,0x0000000791300000)
 ParOldGen       total 73728K, used 15118K [0x0000000701a00000, 0x0000000706200000, 0x0000000780900000)
  object space 73728K, 20% used [0x0000000701a00000,0x00000007028c3960,0x0000000706200000)
 Metaspace       used 34893K, capacity 35224K, committed 35496K, reserved 1081344K
  class space    used 4282K, capacity 4389K, committed 4400K, reserved 1048576K
Event: 6.860 GC heap after
Heap after GC invocations=9 (full 2):
 PSYoungGen      total 166912K, used 0K [0x0000000780900000, 0x0000000791300000, 0x00000007c0000000)
  eden space 154624K, 0% used [0x0000000780900000,0x0000000780900000,0x000000078a000000)
  from space 12288K, 0% used [0x000000078a000000,0x000000078a000000,0x000000078ac00000)
  to   space 16384K, 0% used [0x0000000790300000,0x0000000790300000,0x0000000791300000)
 ParOldGen       total 123904K, used 23410K [0x0000000701a00000, 0x0000000709300000, 0x0000000780900000)
  object space 123904K, 18% used [0x0000000701a00000,0x00000007030dc908,0x0000000709300000)
 Metaspace       used 34893K, capacity 35224K, committed 35496K, reserved 1081344K
  class space    used 4282K, capacity 4389K, committed 4400K, reserved 1048576K
}
Event: 10.282 GC heap before
{Heap before GC invocations=10 (full 2):
 PSYoungGen      total 166912K, used 154624K [0x0000000780900000, 0x0000000791300000, 0x00000007c0000000)
  eden space 154624K, 100% used [0x0000000780900000,0x000000078a000000,0x000000078a000000)
  from space 12288K, 0% used [0x000000078a000000,0x000000078a000000,0x000000078ac00000)
  to   space 16384K, 0% used [0x0000000790300000,0x0000000790300000,0x0000000791300000)
 ParOldGen       total 123904K, used 23410K [0x0000000701a00000, 0x0000000709300000, 0x0000000780900000)
  object space 123904K, 18% used [0x0000000701a00000,0x00000007030dc908,0x0000000709300000)
 Metaspace       used 44558K, capacity 44952K, committed 45488K, reserved 1089536K
  class space    used 5688K, capacity 5781K, committed 5808K, reserved 1048576K
Event: 10.320 GC heap after
Heap after GC invocations=10 (full 2):
 PSYoungGen      total 246784K, used 13874K [0x0000000780900000, 0x0000000791100000, 0x00000007c0000000)
  eden space 232448K, 0% used [0x0000000780900000,0x0000000780900000,0x000000078ec00000)
  from space 14336K, 96% used [0x0000000790300000,0x000000079108cab8,0x0000000791100000)
  to   space 17408K, 0% used [0x000000078ef00000,0x000000078ef00000,0x0000000790000000)
 ParOldGen       total 123904K, used 23418K [0x0000000701a00000, 0x0000000709300000, 0x0000000780900000)
  object space 123904K, 18% used [0x0000000701a00000,0x00000007030de908,0x0000000709300000)
 Metaspace       used 44558K, capacity 44952K, committed 45488K, reserved 1089536K
  class space    used 5688K, capacity 5781K, committed 5808K, reserved 1048576K
}

