# JRE version: Java(TM) SE Runtime Environment (8.0_65-b17) (build 1.8.0_65-b17)
# Java VM: Java HotSpot(TM) 64-Bit Server VM (25.65-b01 mixed mode windows-amd64 compressed oops)
Heap:
 PSYoungGen      total 169472K, used 139291K [0x0000000780900000, 0x0000000791e80000, 0x00000007c0000000)
  eden space 157184K, 88% used [0x0000000780900000,0x0000000789106f68,0x000000078a280000)
  from space 12288K, 0% used [0x000000078a280000,0x000000078a280000,0x000000078ae80000)
  to   space 16384K, 0% used [0x0000000790e80000,0x0000000790e80000,0x0000000791e80000)
 ParOldGen       total 130560K, used 23683K [0x0000000701a00000, 0x0000000709980000, 0x0000000780900000)
  object space 130560K, 18% used [0x0000000701a00000,0x0000000703120fc0,0x0000000709980000)
 Metaspace       used 44175K, capacity 44554K, committed 44976K, reserved 1089536K
  class space    used 5625K, capacity 5712K, committed 5808K, reserved 1048576K
GC Heap History (10 events):
Event: 3.116 GC heap before
{Heap before GC invocations=5 (full 1):
 PSYoungGen      total 106496K, used 7497K [0x0000000780900000, 0x0000000787900000, 0x00000007c0000000)
  eden space 98304K, 0% used [0x0000000780900000,0x0000000780900000,0x0000000786900000)
  from space 8192K, 91% used [0x0000000787100000,0x00000007878526c0,0x0000000787900000)
  to   space 8192K, 0% used [0x0000000786900000,0x0000000786900000,0x0000000787100000)
 ParOldGen       total 131072K, used 723K [0x0000000701a00000, 0x0000000709a00000, 0x0000000780900000)
  object space 131072K, 0% used [0x0000000701a00000,0x0000000701ab4f08,0x0000000709a00000)
 Metaspace       used 21051K, capacity 21238K, committed 21296K, reserved 1069056K
  class space    used 2509K, capacity 2594K, committed 2608K, reserved 1048576K
Event: 3.163 GC heap after
Heap after GC invocations=5 (full 1):
 PSYoungGen      total 106496K, used 0K [0x0000000780900000, 0x0000000787900000, 0x00000007c0000000)
  eden space 98304K, 0% used [0x0000000780900000,0x0000000780900000,0x0000000786900000)
  from space 8192K, 0% used [0x0000000787100000,0x0000000787100000,0x0000000787900000)
  to   space 8192K, 0% used [0x0000000786900000,0x0000000786900000,0x0000000787100000)
 ParOldGen       total 74240K, used 7433K [0x0000000701a00000, 0x0000000706280000, 0x0000000780900000)
  object space 74240K, 10% used [0x0000000701a00000,0x0000000702142720,0x0000000706280000)
 Metaspace       used 21051K, capacity 21238K, committed 21296K, reserved 1069056K
  class space    used 2509K, capacity 2594K, committed 2608K, reserved 1048576K
}
Event: 4.329 GC heap before
{Heap before GC invocations=6 (full 1):
 PSYoungGen      total 106496K, used 98304K [0x0000000780900000, 0x0000000787900000, 0x00000007c0000000)
  eden space 98304K, 100% used [0x0000000780900000,0x0000000786900000,0x0000000786900000)
  from space 8192K, 0% used [0x0000000787100000,0x0000000787100000,0x0000000787900000)
  to   space 8192K, 0% used [0x0000000786900000,0x0000000786900000,0x0000000787100000)
 ParOldGen       total 74240K, used 7433K [0x0000000701a00000, 0x0000000706280000, 0x0000000780900000)
  object space 74240K, 10% used [0x0000000701a00000,0x0000000702142720,0x0000000706280000)
 Metaspace       used 24778K, capacity 25048K, committed 25392K, reserved 1071104K
  class space    used 3015K, capacity 3085K, committed 3120K, reserved 1048576K
Event: 4.342 GC heap after
Heap after GC invocations=6 (full 1):
 PSYoungGen      total 106496K, used 6709K [0x0000000780900000, 0x000000078b800000, 0x00000007c0000000)
  eden space 98304K, 0% used [0x0000000780900000,0x0000000780900000,0x0000000786900000)
  from space 8192K, 81% used [0x0000000786900000,0x0000000786f8d4a8,0x0000000787100000)
  to   space 9728K, 0% used [0x000000078ae80000,0x000000078ae80000,0x000000078b800000)
 ParOldGen       total 74240K, used 7433K [0x0000000701a00000, 0x0000000706280000, 0x0000000780900000)
  object space 74240K, 10% used [0x0000000701a00000,0x0000000702142720,0x0000000706280000)
 Metaspace       used 24778K, capacity 25048K, committed 25392K, reserved 1071104K
  class space    used 3015K, capacity 3085K, committed 3120K, reserved 1048576K
}
Event: 5.474 GC heap before
{Heap before GC invocations=7 (full 1):
 PSYoungGen      total 106496K, used 105013K [0x0000000780900000, 0x000000078b800000, 0x00000007c0000000)
  eden space 98304K, 100% used [0x0000000780900000,0x0000000786900000,0x0000000786900000)
  from space 8192K, 81% used [0x0000000786900000,0x0000000786f8d4a8,0x0000000787100000)
  to   space 9728K, 0% used [0x000000078ae80000,0x000000078ae80000,0x000000078b800000)
 ParOldGen       total 74240K, used 7433K [0x0000000701a00000, 0x0000000706280000, 0x0000000780900000)
  object space 74240K, 10% used [0x0000000701a00000,0x0000000702142720,0x0000000706280000)
 Metaspace       used 29730K, capacity 30040K, committed 30256K, reserved 1075200K
  class space    used 3668K, capacity 3773K, committed 3888K, reserved 1048576K
Event: 5.494 GC heap after
Heap after GC invocations=7 (full 1):
 PSYoungGen      total 166912K, used 9723K [0x0000000780900000, 0x000000078bb00000, 0x00000007c0000000)
  eden space 157184K, 0% used [0x0000000780900000,0x0000000780900000,0x000000078a280000)
  from space 9728K, 99% used [0x000000078ae80000,0x000000078b7fefb0,0x000000078b800000)
  to   space 12288K, 0% used [0x000000078a280000,0x000000078a280000,0x000000078ae80000)
 ParOldGen       total 74240K, used 10400K [0x0000000701a00000, 0x0000000706280000, 0x0000000780900000)
  object space 74240K, 14% used [0x0000000701a00000,0x0000000702428178,0x0000000706280000)
 Metaspace       used 29730K, capacity 30040K, committed 30256K, reserved 1075200K
  class space    used 3668K, capacity 3773K, committed 3888K, reserved 1048576K
}
Event: 6.926 GC heap before
{Heap before GC invocations=8 (full 1):
 PSYoungGen      total 166912K, used 125474K [0x0000000780900000, 0x000000078bb00000, 0x00000007c0000000)
  eden space 157184K, 73% used [0x0000000780900000,0x0000000787a09900,0x000000078a280000)
  from space 9728K, 99% used [0x000000078ae80000,0x000000078b7fefb0,0x000000078b800000)
  to   space 12288K, 0% used [0x000000078a280000,0x000000078a280000,0x000000078ae80000)
 ParOldGen       total 74240K, used 10400K [0x0000000701a00000, 0x0000000706280000, 0x0000000780900000)
  object space 74240K, 14% used [0x0000000701a00000,0x0000000702428178,0x0000000706280000)
 Metaspace       used 34933K, capacity 35240K, committed 35496K, reserved 1081344K
  class space    used 4289K, capacity 4389K, committed 4400K, reserved 1048576K
Event: 6.955 GC heap after
Heap after GC invocations=8 (full 1):
 PSYoungGen      total 169472K, used 12258K [0x0000000780900000, 0x0000000791e80000, 0x00000007c0000000)
  eden space 157184K, 0% used [0x0000000780900000,0x0000000780900000,0x000000078a280000)
  from space 12288K, 99% used [0x000000078a280000,0x000000078ae78bf8,0x000000078ae80000)
  to   space 16384K, 0% used [0x0000000790e80000,0x0000000790e80000,0x0000000791e80000)
 ParOldGen       total 74240K, used 15306K [0x0000000701a00000, 0x0000000706280000, 0x0000000780900000)
  object space 74240K, 20% used [0x0000000701a00000,0x00000007028f2ad8,0x0000000706280000)
 Metaspace       used 34933K, capacity 35240K, committed 35496K, reserved 1081344K
  class space    used 4289K, capacity 4389K, committed 4400K, reserved 1048576K
}
Event: 6.956 GC heap before
{Heap before GC invocations=9 (full 2):
 PSYoungGen      total 169472K, used 12258K [0x0000000780900000, 0x0000000791e80000, 0x00000007c0000000)
  eden space 157184K, 0% used [0x0000000780900000,0x0000000780900000,0x000000078a280000)
  from space 12288K, 99% used [0x000000078a280000,0x000000078ae78bf8,0x000000078ae80000)
  to   space 16384K, 0% used [0x0000000790e80000,0x0000000790e80000,0x0000000791e80000)
 ParOldGen       total 74240K, used 15306K [0x0000000701a00000, 0x0000000706280000, 0x0000000780900000)
  object space 74240K, 20% used [0x0000000701a00000,0x00000007028f2ad8,0x0000000706280000)
 Metaspace       used 34933K, capacity 35240K, committed 35496K, reserved 1081344K
  class space    used 4289K, capacity 4389K, committed 4400K, reserved 1048576K
Event: 7.112 GC heap after
Heap after GC invocations=9 (full 2):
 PSYoungGen      total 169472K, used 0K [0x0000000780900000, 0x0000000791e80000, 0x00000007c0000000)
  eden space 157184K, 0% used [0x0000000780900000,0x0000000780900000,0x000000078a280000)
  from space 12288K, 0% used [0x000000078a280000,0x000000078a280000,0x000000078ae80000)
  to   space 16384K, 0% used [0x0000000790e80000,0x0000000790e80000,0x0000000791e80000)
 ParOldGen       total 130560K, used 23683K [0x0000000701a00000, 0x0000000709980000, 0x0000000780900000)
  object space 130560K, 18% used [0x0000000701a00000,0x0000000703120fc0,0x0000000709980000)
 Metaspace       used 34933K, capacity 35240K, committed 35496K, reserved 1081344K
  class space    used 4289K, capacity 4389K, committed 4400K, reserved 1048576K
}

